<?xml version="1.0" encoding="UTF-8"?>
<!-- Generated by org.testng.reporters.JUnitReportReporter -->
<testsuite hostname="ATMECSINDT-083" failures="0" tests="2" name="TestNgSetup.TestngAttributeUsingMaven.Listener$Class1" time="0.042" errors="0" timestamp="23 Aug 2019 06:02:08 GMT" skipped="0">
  <testcase classname="TestNgSetup.TestngAttributeUsingMaven.Listener$Class1" name="sum" time="0.027"/>
  <testcase classname="TestNgSetup.TestngAttributeUsingMaven.Listener$Class1" name="testtofail" time="0.015"/>
</testsuite> <!-- TestNgSetup.TestngAttributeUsingMaven.Listener$Class1 -->
