<?xml version="1.0" encoding="UTF-8"?>
<!-- Generated by org.testng.reporters.JUnitReportReporter -->
<testsuite hostname="ATMECSINDT-083" failures="0" tests="2" name="TestNgSetup.TestngAttributeUsingMaven.Factory" time="0.035" errors="0" timestamp="23 Aug 2019 05:32:12 GMT" skipped="0">
  <testcase classname="TestNgSetup.TestngAttributeUsingMaven.Factory" name="testOne" time="0.030"/>
  <testcase classname="TestNgSetup.TestngAttributeUsingMaven.Factory" name="testTwo" time="0.005"/>
</testsuite> <!-- TestNgSetup.TestngAttributeUsingMaven.Factory -->
