<?xml version="1.0" encoding="UTF-8"?>
<!-- Generated by org.testng.reporters.JUnitReportReporter -->
<testsuite hostname="ATMECSINDT-083" failures="0" tests="2" name="TestNgSetup.TestngAttributeUsingMaven.Dataprovider" time="0.032" errors="0" timestamp="23 Aug 2019 05:15:31 GMT" skipped="0">
  <testcase classname="TestNgSetup.TestngAttributeUsingMaven.Dataprovider" name="getDetail" time="0.028"/>
  <testcase classname="TestNgSetup.TestngAttributeUsingMaven.Dataprovider" name="getDetail" time="0.004"/>
</testsuite> <!-- TestNgSetup.TestngAttributeUsingMaven.Dataprovider -->
